2022-06-14T07:54:23,846 [INFO ] W-9015-hdr_1.0-stdout MODEL_LOG - Listening on port: /tmp/.ts.sock.9015
2022-06-14T07:54:23,846 [INFO ] W-9009-hdr_1.0-stdout MODEL_LOG - Listening on port: /tmp/.ts.sock.9009
2022-06-14T07:54:23,846 [INFO ] W-9000-hdr_1.0-stdout MODEL_LOG - Listening on port: /tmp/.ts.sock.9000
2022-06-14T07:54:23,846 [INFO ] W-9002-hdr_1.0-stdout MODEL_LOG - Listening on port: /tmp/.ts.sock.9002
2022-06-14T07:54:23,846 [INFO ] W-9014-hdr_1.0-stdout MODEL_LOG - Listening on port: /tmp/.ts.sock.9014
2022-06-14T07:54:23,846 [INFO ] W-9013-hdr_1.0-stdout MODEL_LOG - Listening on port: /tmp/.ts.sock.9013
2022-06-14T07:54:23,846 [INFO ] W-9001-hdr_1.0-stdout MODEL_LOG - Listening on port: /tmp/.ts.sock.9001
2022-06-14T07:54:23,846 [INFO ] W-9011-hdr_1.0-stdout MODEL_LOG - Listening on port: /tmp/.ts.sock.9011
2022-06-14T07:54:23,846 [INFO ] W-9008-hdr_1.0-stdout MODEL_LOG - Listening on port: /tmp/.ts.sock.9008
2022-06-14T07:54:23,846 [INFO ] W-9006-hdr_1.0-stdout MODEL_LOG - Listening on port: /tmp/.ts.sock.9006
2022-06-14T07:54:23,846 [INFO ] W-9005-hdr_1.0-stdout MODEL_LOG - Listening on port: /tmp/.ts.sock.9005
2022-06-14T07:54:23,846 [INFO ] W-9004-hdr_1.0-stdout MODEL_LOG - Listening on port: /tmp/.ts.sock.9004
2022-06-14T07:54:23,847 [INFO ] W-9015-hdr_1.0-stdout MODEL_LOG - [PID]3980
2022-06-14T07:54:23,847 [INFO ] W-9014-hdr_1.0-stdout MODEL_LOG - [PID]3974
2022-06-14T07:54:23,847 [INFO ] W-9011-hdr_1.0-stdout MODEL_LOG - [PID]3973
2022-06-14T07:54:23,847 [INFO ] W-9003-hdr_1.0-stdout MODEL_LOG - Listening on port: /tmp/.ts.sock.9003
2022-06-14T07:54:23,847 [INFO ] W-9011-hdr_1.0-stdout MODEL_LOG - Torch worker started.
2022-06-14T07:54:23,847 [INFO ] W-9004-hdr_1.0-stdout MODEL_LOG - [PID]3954
2022-06-14T07:54:23,847 [INFO ] W-9014-hdr_1.0-stdout MODEL_LOG - Torch worker started.
2022-06-14T07:54:23,847 [INFO ] W-9015-hdr_1.0-stdout MODEL_LOG - Torch worker started.
2022-06-14T07:54:23,847 [INFO ] W-9005-hdr_1.0-stdout MODEL_LOG - [PID]3950
2022-06-14T07:54:23,847 [INFO ] W-9008-hdr_1.0-stdout MODEL_LOG - [PID]3978
2022-06-14T07:54:23,847 [INFO ] W-9014-hdr_1.0-stdout MODEL_LOG - Python runtime: 3.8.10
2022-06-14T07:54:23,847 [INFO ] W-9015-hdr_1.0-stdout MODEL_LOG - Python runtime: 3.8.10
2022-06-14T07:54:23,847 [INFO ] W-9001-hdr_1.0-stdout MODEL_LOG - [PID]3979
2022-06-14T07:54:23,847 [INFO ] W-9003-hdr_1.0-stdout MODEL_LOG - [PID]3983
2022-06-14T07:54:23,847 [INFO ] W-9008-hdr_1.0-stdout MODEL_LOG - Torch worker started.
2022-06-14T07:54:23,847 [INFO ] W-9004-hdr_1.0-stdout MODEL_LOG - Torch worker started.
2022-06-14T07:54:23,847 [INFO ] W-9000-hdr_1.0-stdout MODEL_LOG - [PID]3949
2022-06-14T07:54:23,847 [INFO ] W-9002-hdr_1.0-stdout MODEL_LOG - [PID]3976
2022-06-14T07:54:23,847 [INFO ] W-9011-hdr_1.0-stdout MODEL_LOG - Python runtime: 3.8.10
2022-06-14T07:54:23,847 [INFO ] W-9001-hdr_1.0-stdout MODEL_LOG - Torch worker started.
2022-06-14T07:54:23,847 [INFO ] W-9000-hdr_1.0-stdout MODEL_LOG - Torch worker started.
2022-06-14T07:54:23,847 [INFO ] W-9003-hdr_1.0-stdout MODEL_LOG - Torch worker started.
2022-06-14T07:54:23,847 [INFO ] W-9008-hdr_1.0-stdout MODEL_LOG - Python runtime: 3.8.10
2022-06-14T07:54:23,847 [INFO ] W-9004-hdr_1.0-stdout MODEL_LOG - Python runtime: 3.8.10
2022-06-14T07:54:23,847 [INFO ] W-9001-hdr_1.0-stdout MODEL_LOG - Python runtime: 3.8.10
2022-06-14T07:54:23,847 [INFO ] W-9003-hdr_1.0-stdout MODEL_LOG - Python runtime: 3.8.10
2022-06-14T07:54:23,846 [INFO ] W-9010-hdr_1.0-stdout MODEL_LOG - Listening on port: /tmp/.ts.sock.9010
2022-06-14T07:54:23,846 [INFO ] W-9007-hdr_1.0-stdout MODEL_LOG - Listening on port: /tmp/.ts.sock.9007
2022-06-14T07:54:23,848 [INFO ] W-9000-hdr_1.0-stdout MODEL_LOG - Python runtime: 3.8.10
2022-06-14T07:54:23,846 [INFO ] W-9012-hdr_1.0-stdout MODEL_LOG - Listening on port: /tmp/.ts.sock.9012
2022-06-14T07:54:23,848 [INFO ] W-9002-hdr_1.0-stdout MODEL_LOG - Torch worker started.
2022-06-14T07:54:23,848 [INFO ] W-9005-hdr_1.0-stdout MODEL_LOG - Torch worker started.
2022-06-14T07:54:23,848 [INFO ] W-9006-hdr_1.0-stdout MODEL_LOG - [PID]3948
2022-06-14T07:54:23,848 [INFO ] W-9002-hdr_1.0-stdout MODEL_LOG - Python runtime: 3.8.10
2022-06-14T07:54:23,848 [INFO ] W-9007-hdr_1.0-stdout MODEL_LOG - [PID]3952
2022-06-14T07:54:23,848 [INFO ] W-9006-hdr_1.0-stdout MODEL_LOG - Torch worker started.
2022-06-14T07:54:23,848 [INFO ] W-9012-hdr_1.0-stdout MODEL_LOG - [PID]3977
2022-06-14T07:54:23,848 [INFO ] W-9007-hdr_1.0-stdout MODEL_LOG - Torch worker started.
2022-06-14T07:54:23,848 [INFO ] W-9013-hdr_1.0-stdout MODEL_LOG - [PID]3975
2022-06-14T07:54:23,848 [INFO ] W-9006-hdr_1.0-stdout MODEL_LOG - Python runtime: 3.8.10
2022-06-14T07:54:23,848 [INFO ] W-9005-hdr_1.0-stdout MODEL_LOG - Python runtime: 3.8.10
2022-06-14T07:54:23,848 [INFO ] W-9007-hdr_1.0-stdout MODEL_LOG - Python runtime: 3.8.10
2022-06-14T07:54:23,848 [INFO ] W-9010-hdr_1.0-stdout MODEL_LOG - [PID]3982
2022-06-14T07:54:23,848 [INFO ] W-9013-hdr_1.0-stdout MODEL_LOG - Torch worker started.
2022-06-14T07:54:23,848 [INFO ] W-9012-hdr_1.0-stdout MODEL_LOG - Torch worker started.
2022-06-14T07:54:23,849 [INFO ] W-9013-hdr_1.0-stdout MODEL_LOG - Python runtime: 3.8.10
2022-06-14T07:54:23,849 [INFO ] W-9009-hdr_1.0-stdout MODEL_LOG - [PID]3981
2022-06-14T07:54:23,849 [INFO ] W-9010-hdr_1.0-stdout MODEL_LOG - Torch worker started.
2022-06-14T07:54:23,849 [INFO ] W-9012-hdr_1.0-stdout MODEL_LOG - Python runtime: 3.8.10
2022-06-14T07:54:23,849 [INFO ] W-9009-hdr_1.0-stdout MODEL_LOG - Torch worker started.
2022-06-14T07:54:23,849 [INFO ] W-9010-hdr_1.0-stdout MODEL_LOG - Python runtime: 3.8.10
2022-06-14T07:54:23,849 [INFO ] W-9009-hdr_1.0-stdout MODEL_LOG - Python runtime: 3.8.10
2022-06-14T07:54:23,877 [INFO ] W-9005-hdr_1.0-stdout MODEL_LOG - Connection accepted: /tmp/.ts.sock.9005.
2022-06-14T07:54:23,878 [INFO ] W-9015-hdr_1.0-stdout MODEL_LOG - Connection accepted: /tmp/.ts.sock.9015.
2022-06-14T07:54:23,877 [INFO ] W-9002-hdr_1.0-stdout MODEL_LOG - Connection accepted: /tmp/.ts.sock.9002.
2022-06-14T07:54:23,878 [INFO ] W-9009-hdr_1.0-stdout MODEL_LOG - Connection accepted: /tmp/.ts.sock.9009.
2022-06-14T07:54:23,878 [INFO ] W-9001-hdr_1.0-stdout MODEL_LOG - Connection accepted: /tmp/.ts.sock.9001.
2022-06-14T07:54:23,877 [INFO ] W-9006-hdr_1.0-stdout MODEL_LOG - Connection accepted: /tmp/.ts.sock.9006.
2022-06-14T07:54:23,877 [INFO ] W-9000-hdr_1.0-stdout MODEL_LOG - Connection accepted: /tmp/.ts.sock.9000.
2022-06-14T07:54:23,880 [INFO ] W-9010-hdr_1.0-stdout MODEL_LOG - Connection accepted: /tmp/.ts.sock.9010.
2022-06-14T07:54:23,880 [INFO ] W-9013-hdr_1.0-stdout MODEL_LOG - Connection accepted: /tmp/.ts.sock.9013.
2022-06-14T07:54:23,880 [INFO ] W-9003-hdr_1.0-stdout MODEL_LOG - Connection accepted: /tmp/.ts.sock.9003.
2022-06-14T07:54:23,880 [INFO ] W-9007-hdr_1.0-stdout MODEL_LOG - Connection accepted: /tmp/.ts.sock.9007.
2022-06-14T07:54:23,880 [INFO ] W-9008-hdr_1.0-stdout MODEL_LOG - Connection accepted: /tmp/.ts.sock.9008.
2022-06-14T07:54:23,881 [INFO ] W-9004-hdr_1.0-stdout MODEL_LOG - Connection accepted: /tmp/.ts.sock.9004.
2022-06-14T07:54:23,881 [INFO ] W-9014-hdr_1.0-stdout MODEL_LOG - Connection accepted: /tmp/.ts.sock.9014.
2022-06-14T07:54:23,881 [INFO ] W-9011-hdr_1.0-stdout MODEL_LOG - Connection accepted: /tmp/.ts.sock.9011.
2022-06-14T07:54:23,881 [INFO ] W-9012-hdr_1.0-stdout MODEL_LOG - Connection accepted: /tmp/.ts.sock.9012.
2022-06-14T07:54:23,927 [INFO ] W-9011-hdr_1.0-stdout MODEL_LOG - model_name: hdr, batchSize: 1
2022-06-14T07:54:23,935 [INFO ] W-9006-hdr_1.0-stdout MODEL_LOG - model_name: hdr, batchSize: 1
2022-06-14T07:54:23,935 [INFO ] W-9000-hdr_1.0-stdout MODEL_LOG - model_name: hdr, batchSize: 1
2022-06-14T07:54:23,935 [INFO ] W-9007-hdr_1.0-stdout MODEL_LOG - model_name: hdr, batchSize: 1
2022-06-14T07:54:23,937 [INFO ] W-9002-hdr_1.0-stdout MODEL_LOG - model_name: hdr, batchSize: 1
2022-06-14T07:54:23,939 [INFO ] W-9015-hdr_1.0-stdout MODEL_LOG - model_name: hdr, batchSize: 1
2022-06-14T07:54:23,939 [INFO ] W-9013-hdr_1.0-stdout MODEL_LOG - model_name: hdr, batchSize: 1
2022-06-14T07:54:23,941 [INFO ] W-9005-hdr_1.0-stdout MODEL_LOG - model_name: hdr, batchSize: 1
2022-06-14T07:54:23,941 [INFO ] W-9001-hdr_1.0-stdout MODEL_LOG - model_name: hdr, batchSize: 1
2022-06-14T07:54:23,941 [INFO ] W-9010-hdr_1.0-stdout MODEL_LOG - model_name: hdr, batchSize: 1
2022-06-14T07:54:23,935 [INFO ] W-9014-hdr_1.0-stdout MODEL_LOG - model_name: hdr, batchSize: 1
2022-06-14T07:54:23,945 [INFO ] W-9003-hdr_1.0-stdout MODEL_LOG - model_name: hdr, batchSize: 1
2022-06-14T07:54:23,947 [INFO ] W-9008-hdr_1.0-stdout MODEL_LOG - model_name: hdr, batchSize: 1
2022-06-14T07:54:23,952 [INFO ] W-9012-hdr_1.0-stdout MODEL_LOG - model_name: hdr, batchSize: 1
2022-06-14T07:54:23,952 [INFO ] W-9004-hdr_1.0-stdout MODEL_LOG - model_name: hdr, batchSize: 1
2022-06-14T07:54:23,954 [INFO ] W-9009-hdr_1.0-stdout MODEL_LOG - model_name: hdr, batchSize: 1
