2022-06-14T07:54:23,239 - CPUUtilization.Percent:50.0|#Level:Host|#hostname:uneidel-desktop,timestamp:1655186063
2022-06-14T07:54:23,241 - DiskAvailable.Gigabytes:281.9109535217285|#Level:Host|#hostname:uneidel-desktop,timestamp:1655186063
2022-06-14T07:54:23,241 - DiskUsage.Gigabytes:586.9203453063965|#Level:Host|#hostname:uneidel-desktop,timestamp:1655186063
2022-06-14T07:54:23,241 - DiskUtilization.Percent:67.6|#Level:Host|#hostname:uneidel-desktop,timestamp:1655186063
2022-06-14T07:54:23,241 - MemoryAvailable.Megabytes:11961.5546875|#Level:Host|#hostname:uneidel-desktop,timestamp:1655186063
2022-06-14T07:54:23,242 - MemoryUsed.Megabytes:3601.03515625|#Level:Host|#hostname:uneidel-desktop,timestamp:1655186063
2022-06-14T07:54:23,242 - MemoryUtilization.Percent:25.2|#Level:Host|#hostname:uneidel-desktop,timestamp:1655186063
2022-06-14T07:54:24,806 - W-9000-hdr_1.0.ms:1937|#Level:Host|#hostname:uneidel-desktop,timestamp:1655186064
2022-06-14T07:54:24,807 - WorkerThreadTime.ms:61|#Level:Host|#hostname:uneidel-desktop,timestamp:1655186064
2022-06-14T07:54:24,832 - W-9006-hdr_1.0.ms:1961|#Level:Host|#hostname:uneidel-desktop,timestamp:1655186064
2022-06-14T07:54:24,832 - WorkerThreadTime.ms:49|#Level:Host|#hostname:uneidel-desktop,timestamp:1655186064
2022-06-14T07:54:24,878 - W-9004-hdr_1.0.ms:2007|#Level:Host|#hostname:uneidel-desktop,timestamp:1655186064
2022-06-14T07:54:24,878 - WorkerThreadTime.ms:65|#Level:Host|#hostname:uneidel-desktop,timestamp:1655186064
2022-06-14T07:54:24,881 - W-9002-hdr_1.0.ms:2010|#Level:Host|#hostname:uneidel-desktop,timestamp:1655186064
2022-06-14T07:54:24,882 - WorkerThreadTime.ms:59|#Level:Host|#hostname:uneidel-desktop,timestamp:1655186064
2022-06-14T07:54:24,897 - W-9012-hdr_1.0.ms:2024|#Level:Host|#hostname:uneidel-desktop,timestamp:1655186064
2022-06-14T07:54:24,897 - WorkerThreadTime.ms:65|#Level:Host|#hostname:uneidel-desktop,timestamp:1655186064
2022-06-14T07:54:24,905 - W-9005-hdr_1.0.ms:2034|#Level:Host|#hostname:uneidel-desktop,timestamp:1655186064
2022-06-14T07:54:24,905 - WorkerThreadTime.ms:56|#Level:Host|#hostname:uneidel-desktop,timestamp:1655186064
2022-06-14T07:54:24,912 - W-9010-hdr_1.0.ms:2039|#Level:Host|#hostname:uneidel-desktop,timestamp:1655186064
2022-06-14T07:54:24,912 - WorkerThreadTime.ms:59|#Level:Host|#hostname:uneidel-desktop,timestamp:1655186064
2022-06-14T07:54:24,929 - W-9009-hdr_1.0.ms:2058|#Level:Host|#hostname:uneidel-desktop,timestamp:1655186064
2022-06-14T07:54:24,929 - WorkerThreadTime.ms:68|#Level:Host|#hostname:uneidel-desktop,timestamp:1655186064
2022-06-14T07:54:24,931 - W-9007-hdr_1.0.ms:2060|#Level:Host|#hostname:uneidel-desktop,timestamp:1655186064
2022-06-14T07:54:24,931 - WorkerThreadTime.ms:59|#Level:Host|#hostname:uneidel-desktop,timestamp:1655186064
2022-06-14T07:54:24,948 - W-9001-hdr_1.0.ms:2078|#Level:Host|#hostname:uneidel-desktop,timestamp:1655186064
2022-06-14T07:54:24,949 - WorkerThreadTime.ms:60|#Level:Host|#hostname:uneidel-desktop,timestamp:1655186064
2022-06-14T07:54:24,951 - W-9003-hdr_1.0.ms:2080|#Level:Host|#hostname:uneidel-desktop,timestamp:1655186064
2022-06-14T07:54:24,951 - WorkerThreadTime.ms:69|#Level:Host|#hostname:uneidel-desktop,timestamp:1655186064
2022-06-14T07:54:24,954 - W-9014-hdr_1.0.ms:2079|#Level:Host|#hostname:uneidel-desktop,timestamp:1655186064
2022-06-14T07:54:24,954 - WorkerThreadTime.ms:63|#Level:Host|#hostname:uneidel-desktop,timestamp:1655186064
2022-06-14T07:54:24,957 - W-9013-hdr_1.0.ms:2083|#Level:Host|#hostname:uneidel-desktop,timestamp:1655186064
2022-06-14T07:54:24,957 - WorkerThreadTime.ms:67|#Level:Host|#hostname:uneidel-desktop,timestamp:1655186064
2022-06-14T07:54:24,963 - W-9015-hdr_1.0.ms:2088|#Level:Host|#hostname:uneidel-desktop,timestamp:1655186064
2022-06-14T07:54:24,963 - WorkerThreadTime.ms:56|#Level:Host|#hostname:uneidel-desktop,timestamp:1655186064
2022-06-14T07:54:24,969 - W-9011-hdr_1.0.ms:2096|#Level:Host|#hostname:uneidel-desktop,timestamp:1655186064
2022-06-14T07:54:24,970 - WorkerThreadTime.ms:60|#Level:Host|#hostname:uneidel-desktop,timestamp:1655186064
2022-06-14T07:54:24,971 - W-9008-hdr_1.0.ms:2100|#Level:Host|#hostname:uneidel-desktop,timestamp:1655186064
2022-06-14T07:54:24,971 - WorkerThreadTime.ms:77|#Level:Host|#hostname:uneidel-desktop,timestamp:1655186064
2022-06-14T07:55:23,238 - CPUUtilization.Percent:0.0|#Level:Host|#hostname:uneidel-desktop,timestamp:1655186123
2022-06-14T07:55:23,238 - DiskAvailable.Gigabytes:281.9124183654785|#Level:Host|#hostname:uneidel-desktop,timestamp:1655186123
2022-06-14T07:55:23,238 - DiskUsage.Gigabytes:586.9188804626465|#Level:Host|#hostname:uneidel-desktop,timestamp:1655186123
2022-06-14T07:55:23,238 - DiskUtilization.Percent:67.6|#Level:Host|#hostname:uneidel-desktop,timestamp:1655186123
2022-06-14T07:55:23,238 - MemoryAvailable.Megabytes:10722.15234375|#Level:Host|#hostname:uneidel-desktop,timestamp:1655186123
2022-06-14T07:55:23,238 - MemoryUsed.Megabytes:4854.8984375|#Level:Host|#hostname:uneidel-desktop,timestamp:1655186123
2022-06-14T07:55:23,239 - MemoryUtilization.Percent:32.9|#Level:Host|#hostname:uneidel-desktop,timestamp:1655186123
2022-06-14T07:56:23,236 - CPUUtilization.Percent:0.0|#Level:Host|#hostname:uneidel-desktop,timestamp:1655186183
2022-06-14T07:56:23,236 - DiskAvailable.Gigabytes:281.8589973449707|#Level:Host|#hostname:uneidel-desktop,timestamp:1655186183
2022-06-14T07:56:23,236 - DiskUsage.Gigabytes:586.9723014831543|#Level:Host|#hostname:uneidel-desktop,timestamp:1655186183
2022-06-14T07:56:23,237 - DiskUtilization.Percent:67.6|#Level:Host|#hostname:uneidel-desktop,timestamp:1655186183
2022-06-14T07:56:23,237 - MemoryAvailable.Megabytes:10627.01171875|#Level:Host|#hostname:uneidel-desktop,timestamp:1655186183
2022-06-14T07:56:23,237 - MemoryUsed.Megabytes:4948.9140625|#Level:Host|#hostname:uneidel-desktop,timestamp:1655186183
2022-06-14T07:56:23,237 - MemoryUtilization.Percent:33.5|#Level:Host|#hostname:uneidel-desktop,timestamp:1655186183
